CRITICAL - 2025-11-13 17:53:49 --> ErrorException: Undefined array key "created_by"
[Method: GET, Route: dashboard]
in APPPATH\Views\dashboard.php on line 83.
 1 APPPATH\Views\dashboard.php(83): CodeIgniter\Debug\Exceptions->errorHandler(2, 'Undefined array key "created_by"', 'C:\\xampp\\htdocs\\ITE311-ROBLES\\app\\Views\\dashboard.php', 83)
 2 SYSTEMPATH\View\View.php(226): include('C:\\xampp\\htdocs\\ITE311-ROBLES\\app\\Views\\dashboard.php')
 3 SYSTEMPATH\View\View.php(229): CodeIgniter\View\View->CodeIgniter\View\{closure}()
 4 SYSTEMPATH\Common.php(1167): CodeIgniter\View\View->render('dashboard', [], true)
 5 APPPATH\Controllers\Home.php(68): view('dashboard', [...])
 6 SYSTEMPATH\CodeIgniter.php(933): App\Controllers\Home->dashboard()
 7 SYSTEMPATH\CodeIgniter.php(507): CodeIgniter\CodeIgniter->runController(Object(App\Controllers\Home))
 8 SYSTEMPATH\CodeIgniter.php(354): CodeIgniter\CodeIgniter->handleRequest(null, Object(Config\Cache), false)
 9 SYSTEMPATH\Boot.php(363): CodeIgniter\CodeIgniter->run()
10 SYSTEMPATH\Boot.php(68): CodeIgniter\Boot::runCodeIgniter(Object(CodeIgniter\CodeIgniter))
11 FCPATH\index.php(59): CodeIgniter\Boot::bootWeb(Object(Config\Paths))
CRITICAL - 2025-11-13 17:53:51 --> ErrorException: Undefined array key "created_by"
[Method: GET, Route: dashboard]
in APPPATH\Views\dashboard.php on line 83.
 1 APPPATH\Views\dashboard.php(83): CodeIgniter\Debug\Exceptions->errorHandler(2, 'Undefined array key "created_by"', 'C:\\xampp\\htdocs\\ITE311-ROBLES\\app\\Views\\dashboard.php', 83)
 2 SYSTEMPATH\View\View.php(226): include('C:\\xampp\\htdocs\\ITE311-ROBLES\\app\\Views\\dashboard.php')
 3 SYSTEMPATH\View\View.php(229): CodeIgniter\View\View->CodeIgniter\View\{closure}()
 4 SYSTEMPATH\Common.php(1167): CodeIgniter\View\View->render('dashboard', [], true)
 5 APPPATH\Controllers\Home.php(68): view('dashboard', [...])
 6 SYSTEMPATH\CodeIgniter.php(933): App\Controllers\Home->dashboard()
 7 SYSTEMPATH\CodeIgniter.php(507): CodeIgniter\CodeIgniter->runController(Object(App\Controllers\Home))
 8 SYSTEMPATH\CodeIgniter.php(354): CodeIgniter\CodeIgniter->handleRequest(null, Object(Config\Cache), false)
 9 SYSTEMPATH\Boot.php(363): CodeIgniter\CodeIgniter->run()
10 SYSTEMPATH\Boot.php(68): CodeIgniter\Boot::runCodeIgniter(Object(CodeIgniter\CodeIgniter))
11 FCPATH\index.php(59): CodeIgniter\Boot::bootWeb(Object(Config\Paths))
CRITICAL - 2025-11-13 17:54:01 --> ErrorException: Undefined array key "created_by"
[Method: GET, Route: dashboard]
in APPPATH\Views\dashboard.php on line 83.
 1 APPPATH\Views\dashboard.php(83): CodeIgniter\Debug\Exceptions->errorHandler(2, 'Undefined array key "created_by"', 'C:\\xampp\\htdocs\\ITE311-ROBLES\\app\\Views\\dashboard.php', 83)
 2 SYSTEMPATH\View\View.php(226): include('C:\\xampp\\htdocs\\ITE311-ROBLES\\app\\Views\\dashboard.php')
 3 SYSTEMPATH\View\View.php(229): CodeIgniter\View\View->CodeIgniter\View\{closure}()
 4 SYSTEMPATH\Common.php(1167): CodeIgniter\View\View->render('dashboard', [], true)
 5 APPPATH\Controllers\Home.php(68): view('dashboard', [...])
 6 SYSTEMPATH\CodeIgniter.php(933): App\Controllers\Home->dashboard()
 7 SYSTEMPATH\CodeIgniter.php(507): CodeIgniter\CodeIgniter->runController(Object(App\Controllers\Home))
 8 SYSTEMPATH\CodeIgniter.php(354): CodeIgniter\CodeIgniter->handleRequest(null, Object(Config\Cache), false)
 9 SYSTEMPATH\Boot.php(363): CodeIgniter\CodeIgniter->run()
10 SYSTEMPATH\Boot.php(68): CodeIgniter\Boot::runCodeIgniter(Object(CodeIgniter\CodeIgniter))
11 FCPATH\index.php(59): CodeIgniter\Boot::bootWeb(Object(Config\Paths))
CRITICAL - 2025-11-13 17:54:08 --> ErrorException: Undefined array key "created_by"
[Method: GET, Route: dashboard]
in APPPATH\Views\dashboard.php on line 83.
 1 APPPATH\Views\dashboard.php(83): CodeIgniter\Debug\Exceptions->errorHandler(2, 'Undefined array key "created_by"', 'C:\\xampp\\htdocs\\ITE311-ROBLES\\app\\Views\\dashboard.php', 83)
 2 SYSTEMPATH\View\View.php(226): include('C:\\xampp\\htdocs\\ITE311-ROBLES\\app\\Views\\dashboard.php')
 3 SYSTEMPATH\View\View.php(229): CodeIgniter\View\View->CodeIgniter\View\{closure}()
 4 SYSTEMPATH\Common.php(1167): CodeIgniter\View\View->render('dashboard', [], true)
 5 APPPATH\Controllers\Home.php(68): view('dashboard', [...])
 6 SYSTEMPATH\CodeIgniter.php(933): App\Controllers\Home->dashboard()
 7 SYSTEMPATH\CodeIgniter.php(507): CodeIgniter\CodeIgniter->runController(Object(App\Controllers\Home))
 8 SYSTEMPATH\CodeIgniter.php(354): CodeIgniter\CodeIgniter->handleRequest(null, Object(Config\Cache), false)
 9 SYSTEMPATH\Boot.php(363): CodeIgniter\CodeIgniter->run()
10 SYSTEMPATH\Boot.php(68): CodeIgniter\Boot::runCodeIgniter(Object(CodeIgniter\CodeIgniter))
11 FCPATH\index.php(59): CodeIgniter\Boot::bootWeb(Object(Config\Paths))
CRITICAL - 2025-11-13 17:54:09 --> ErrorException: Undefined array key "created_by"
[Method: GET, Route: dashboard]
in APPPATH\Views\dashboard.php on line 83.
 1 APPPATH\Views\dashboard.php(83): CodeIgniter\Debug\Exceptions->errorHandler(2, 'Undefined array key "created_by"', 'C:\\xampp\\htdocs\\ITE311-ROBLES\\app\\Views\\dashboard.php', 83)
 2 SYSTEMPATH\View\View.php(226): include('C:\\xampp\\htdocs\\ITE311-ROBLES\\app\\Views\\dashboard.php')
 3 SYSTEMPATH\View\View.php(229): CodeIgniter\View\View->CodeIgniter\View\{closure}()
 4 SYSTEMPATH\Common.php(1167): CodeIgniter\View\View->render('dashboard', [], true)
 5 APPPATH\Controllers\Home.php(68): view('dashboard', [...])
 6 SYSTEMPATH\CodeIgniter.php(933): App\Controllers\Home->dashboard()
 7 SYSTEMPATH\CodeIgniter.php(507): CodeIgniter\CodeIgniter->runController(Object(App\Controllers\Home))
 8 SYSTEMPATH\CodeIgniter.php(354): CodeIgniter\CodeIgniter->handleRequest(null, Object(Config\Cache), false)
 9 SYSTEMPATH\Boot.php(363): CodeIgniter\CodeIgniter->run()
10 SYSTEMPATH\Boot.php(68): CodeIgniter\Boot::runCodeIgniter(Object(CodeIgniter\CodeIgniter))
11 FCPATH\index.php(59): CodeIgniter\Boot::bootWeb(Object(Config\Paths))
ERROR - 2025-11-13 18:04:10 --> mysqli_sql_exception: Table 'materials' already exists in C:\xampp\htdocs\ITE311-ROBLES\system\Database\MySQLi\Connection.php:327
Stack trace:
#0 C:\xampp\htdocs\ITE311-ROBLES\system\Database\MySQLi\Connection.php(327): mysqli->query()
#1 C:\xampp\htdocs\ITE311-ROBLES\system\Database\BaseConnection.php(729): CodeIgniter\Database\MySQLi\Connection->execute()
#2 C:\xampp\htdocs\ITE311-ROBLES\system\Database\BaseConnection.php(646): CodeIgniter\Database\BaseConnection->simpleQuery()
#3 C:\xampp\htdocs\ITE311-ROBLES\system\Database\Forge.php(570): CodeIgniter\Database\BaseConnection->query()
#4 C:\xampp\htdocs\ITE311-ROBLES\app\Database\Migrations\2025-11-13-180347_CreateMaterialsTable.php(37): CodeIgniter\Database\Forge->createTable()
#5 C:\xampp\htdocs\ITE311-ROBLES\system\Database\MigrationRunner.php(876): App\Database\Migrations\CreateMaterialsTable->up()
#6 C:\xampp\htdocs\ITE311-ROBLES\system\Database\MigrationRunner.php(182): CodeIgniter\Database\MigrationRunner->migrate()
#7 C:\xampp\htdocs\ITE311-ROBLES\system\Commands\Database\Migrate.php(85): CodeIgniter\Database\MigrationRunner->latest()
#8 C:\xampp\htdocs\ITE311-ROBLES\system\CLI\Commands.php(74): CodeIgniter\Commands\Database\Migrate->run()
#9 C:\xampp\htdocs\ITE311-ROBLES\system\CLI\Console.php(47): CodeIgniter\CLI\Commands->run()
#10 C:\xampp\htdocs\ITE311-ROBLES\system\Boot.php(388): CodeIgniter\CLI\Console->run()
#11 C:\xampp\htdocs\ITE311-ROBLES\system\Boot.php(133): CodeIgniter\Boot::runCommand()
#12 C:\xampp\htdocs\ITE311-ROBLES\spark(87): CodeIgniter\Boot::bootSpark()
#13 {main}
CRITICAL - 2025-11-13 18:07:58 --> ErrorException: Namespace declaration statement has to be the very first statement or after any declare call in the script
[Method: GET, Route: materials/upload/1]
in APPPATH\Controllers\Materials.php on line 7.
 1 [internal function]: CodeIgniter\Debug\Exceptions->shutdownHandler()
CRITICAL - 2025-11-13 18:08:10 --> ErrorException: Namespace declaration statement has to be the very first statement or after any declare call in the script
[Method: GET, Route: materials/upload/1]
in APPPATH\Controllers\Materials.php on line 7.
 1 [internal function]: CodeIgniter\Debug\Exceptions->shutdownHandler()
